<?xml version="1.0" encoding="UTF-8"?>
<!-- Generated by org.testng.reporters.JUnitReportReporter -->
<testsuite skipped="0" hostname="pay1lap51" name="Utility.DataUtils" tests="1" failures="0" timestamp="06 Feb 2018 09:24:15 GMT" time="111.575" errors="0">
  <testcase name="DataUtils1" time="111.575" classname="Utility.DataUtils"/>
</testsuite> <!-- Utility.DataUtils -->
