<?xml version="1.0" encoding="UTF-8"?>
<!-- Generated by org.testng.reporters.JUnitReportReporter -->
<testsuite skipped="0" hostname="pay1lap51" name="com.Merchant.Recharge.PrepaidRecharge" tests="1" failures="0" timestamp="19 Feb 2018 11:22:56 GMT" time="639.148" errors="0">
  <testcase name="mobileRecharge" time="639.148" classname="com.Merchant.Recharge.PrepaidRecharge"/>
</testsuite> <!-- com.Merchant.Recharge.PrepaidRecharge -->
