<?xml version="1.0" encoding="UTF-8"?>
<!-- Generated by org.testng.reporters.JUnitReportReporter -->
<testsuite skipped="0" hostname="pay1lap51" name="com.Merchant.Recharge.PostpaidRecharge" tests="1" failures="0" timestamp="17 Feb 2018 11:19:31 GMT" time="216.874" errors="0">
  <testcase name="mobileRecharge" time="216.874" classname="com.Merchant.Recharge.PostpaidRecharge"/>
</testsuite> <!-- com.Merchant.Recharge.PostpaidRecharge -->
