<?xml version="1.0" encoding="UTF-8"?>
<!-- Generated by org.testng.reporters.JUnitReportReporter -->
<testsuite skipped="0" hostname="pay1lap51" name="com.Merchant.Gas.MahanagarGasRecharge" tests="1" failures="0" timestamp="17 Feb 2018 21:13:14 GMT" time="187.458" errors="0">
  <testcase name="GasRecharge" time="187.458" classname="com.Merchant.Gas.MahanagarGasRecharge"/>
</testsuite> <!-- com.Merchant.Gas.MahanagarGasRecharge -->
