<?xml version="1.0" encoding="UTF-8"?>
<!-- Generated by org.testng.reporters.JUnitReportReporter -->
<testsuite skipped="0" hostname="pay1lap51" name="com.Merchant.MoneyTransfer.DeleteRemitter" tests="1" failures="0" timestamp="04 Mar 2018 14:35:41 GMT" time="186.382" errors="0">
  <testcase name="RemoveFirstRemitter" time="186.382" classname="com.Merchant.MoneyTransfer.DeleteRemitter"/>
</testsuite> <!-- com.Merchant.MoneyTransfer.DeleteRemitter -->
