<?xml version="1.0" encoding="UTF-8"?>
<!-- Generated by org.testng.reporters.JUnitReportReporter -->
<testsuite skipped="0" hostname="pay1lap51" name="com.Merchant.Login.RetailerLogin" tests="2" failures="0" timestamp="09 Feb 2018 07:56:58 GMT" time="29.095" errors="0">
  <testcase name="getLogin" time="1.052" classname="com.Merchant.Login.RetailerLogin"/>
  <testcase name="getLogin" time="28.043" classname="com.Merchant.Login.RetailerLogin"/>
</testsuite> <!-- com.Merchant.Login.RetailerLogin -->
