<?xml version="1.0" encoding="UTF-8"?>
<!-- Generated by org.testng.reporters.JUnitReportReporter -->
<testsuite skipped="0" hostname="pay1lap51" name="com.Merchant.MoneyTransfer.AddBeneficiary" tests="1" failures="0" timestamp="01 Mar 2018 14:00:54 GMT" time="285.568" errors="0">
  <testcase name="GasRecharge" time="285.568" classname="com.Merchant.MoneyTransfer.AddBeneficiary"/>
</testsuite> <!-- com.Merchant.MoneyTransfer.AddBeneficiary -->
