<?xml version="1.0" encoding="UTF-8"?>
<!-- Generated by org.testng.reporters.JUnitReportReporter -->
<testsuite skipped="1" hostname="pay1lap51" name="com.Merchant.DTH.DthRecharge" tests="1" failures="0" timestamp="17 Feb 2018 19:31:28 GMT" time="0.000" errors="0">
  <testcase name="mobileRecharge" time="0.000" classname="com.Merchant.DTH.DthRecharge">
    <skipped/>
  </testcase> <!-- mobileRecharge -->
</testsuite> <!-- com.Merchant.DTH.DthRecharge -->
