<?xml version="1.0" encoding="UTF-8"?>
<!-- Generated by org.testng.reporters.JUnitReportReporter -->
<testsuite skipped="0" hostname="pay1lap51" name="com.Merchant.MoneyTransfer.AddBeneficiary" tests="1" failures="0" timestamp="04 Mar 2018 15:10:15 GMT" time="233.978" errors="0">
  <testcase name="Addbeneficary" time="233.978" classname="com.Merchant.MoneyTransfer.AddBeneficiary"/>
</testsuite> <!-- com.Merchant.MoneyTransfer.AddBeneficiary -->
