<?xml version="1.0" encoding="UTF-8"?>
<!-- Generated by org.testng.reporters.JUnitReportReporter -->
<testsuite skipped="0" hostname="pay1lap51" name="com.Merchant.Login.test" tests="4" failures="0" timestamp="06 Feb 2018 08:03:05 GMT" time="73.714" errors="0">
  <testcase name="SwipeScreens" time="10.416" classname="com.Merchant.Login.test"/>
  <testcase name="navigateToLogin" time="23.318" classname="com.Merchant.Login.test"/>
  <testcase name="getLogin" time="16.661" classname="com.Merchant.Login.test"/>
  <testcase name="getGas" time="23.319" classname="com.Merchant.Login.test"/>
</testsuite> <!-- com.Merchant.Login.test -->
