<?xml version="1.0" encoding="UTF-8"?>
<!-- Generated by org.testng.reporters.JUnitReportReporter -->
<testsuite skipped="0" hostname="pay1lap51" name="com.Merchant.Electricity.RelianceElectricity" tests="1" failures="0" timestamp="17 Feb 2018 21:01:25 GMT" time="228.450" errors="0">
  <testcase name="ElectricityRecharge" time="228.450" classname="com.Merchant.Electricity.RelianceElectricity"/>
</testsuite> <!-- com.Merchant.Electricity.RelianceElectricity -->
