<?xml version="1.0" encoding="UTF-8"?>
<!-- Generated by org.testng.reporters.JUnitReportReporter -->
<testsuite skipped="0" hostname="pay1lap51" name="com.Merchant.Recharge.PrepaidRecharge" tests="1" failures="0" timestamp="02 Mar 2018 09:26:28 GMT" time="156.903" errors="0">
  <testcase name="mobileRecharge" time="156.903" classname="com.Merchant.Recharge.PrepaidRecharge"/>
</testsuite> <!-- com.Merchant.Recharge.PrepaidRecharge -->
