<?xml version="1.0" encoding="UTF-8"?>
<!-- Generated by org.testng.reporters.JUnitReportReporter -->
<testsuite skipped="1" hostname="pay1lap51" name="com.Merchant.Recharge.PostpaidRecharge" tests="1" failures="0" timestamp="02 Mar 2018 09:26:28 GMT" time="0.000" errors="0">
  <testcase name="mobileRecharge" time="0.000" classname="com.Merchant.Recharge.PostpaidRecharge">
    <skipped/>
  </testcase> <!-- mobileRecharge -->
</testsuite> <!-- com.Merchant.Recharge.PostpaidRecharge -->
